# JRE version: OpenJDK Runtime Environment (11.0.10) (build 11.0.10+0-b96-7249189)
# Java VM: OpenJDK 64-Bit Server VM (11.0.10+0-b96-7249189, mixed mode, tiered, compressed oops, g1 gc, windows-amd64)
Heap:
 garbage-first heap   total 270336K, used 140783K [0x0000000080000000, 0x0000000100000000)
  region size 1024K, 13 young (13312K), 1 survivors (1024K)
 Metaspace       used 121929K, capacity 125353K, committed 126740K, reserved 1159168K
  class space    used 15143K, capacity 16404K, committed 17048K, reserved 1048576K
GC Heap History (20 events):
Event: 4974.094 GC heap before
{Heap before GC invocations=154 (full 0):
 garbage-first heap   total 270336K, used 219760K [0x0000000080000000, 0x0000000100000000)
  region size 1024K, 63 young (64512K), 2 survivors (2048K)
 Metaspace       used 121789K, capacity 125241K, committed 126740K, reserved 1159168K
  class space    used 15123K, capacity 16367K, committed 17048K, reserved 1048576K
}
Event: 4974.125 GC heap after
{Heap after GC invocations=155 (full 0):
 garbage-first heap   total 270336K, used 163314K [0x0000000080000000, 0x0000000100000000)
  region size 1024K, 7 young (7168K), 7 survivors (7168K)
 Metaspace       used 121789K, capacity 125241K, committed 126740K, reserved 1159168K
  class space    used 15123K, capacity 16367K, committed 17048K, reserved 1048576K
}
Event: 4974.649 GC heap before
{Heap before GC invocations=156 (full 0):
 garbage-first heap   total 270336K, used 209181K [0x0000000080000000, 0x0000000100000000)
  region size 1024K, 65 young (66560K), 7 survivors (7168K)
 Metaspace       used 121885K, capacity 125328K, committed 126740K, reserved 1159168K
  class space    used 15139K, capacity 16396K, committed 17048K, reserved 1048576K
}
Event: 4974.667 GC heap after
{Heap after GC invocations=157 (full 0):
 garbage-first heap   total 270336K, used 152889K [0x0000000080000000, 0x0000000100000000)
  region size 1024K, 3 young (3072K), 3 survivors (3072K)
 Metaspace       used 121885K, capacity 125328K, committed 126740K, reserved 1159168K
  class space    used 15139K, capacity 16396K, committed 17048K, reserved 1048576K
}
Event: 4974.762 GC heap before
{Heap before GC invocations=157 (full 0):
 garbage-first heap   total 270336K, used 162105K [0x0000000080000000, 0x0000000100000000)
  region size 1024K, 13 young (13312K), 3 survivors (3072K)
 Metaspace       used 121889K, capacity 125329K, committed 126740K, reserved 1159168K
  class space    used 15139K, capacity 16396K, committed 17048K, reserved 1048576K
}
Event: 4974.780 GC heap after
{Heap after GC invocations=158 (full 0):
 garbage-first heap   total 270336K, used 130172K [0x0000000080000000, 0x0000000100000000)
  region size 1024K, 2 young (2048K), 2 survivors (2048K)
 Metaspace       used 121889K, capacity 125329K, committed 126740K, reserved 1159168K
  class space    used 15139K, capacity 16396K, committed 17048K, reserved 1048576K
}
Event: 4974.815 GC heap before
{Heap before GC invocations=158 (full 0):
 garbage-first heap   total 270336K, used 140412K [0x0000000080000000, 0x0000000100000000)
  region size 1024K, 13 young (13312K), 2 survivors (2048K)
 Metaspace       used 121889K, capacity 125329K, committed 126740K, reserved 1159168K
  class space    used 15139K, capacity 16396K, committed 17048K, reserved 1048576K
}
Event: 4974.824 GC heap after
{Heap after GC invocations=159 (full 0):
 garbage-first heap   total 270336K, used 126977K [0x0000000080000000, 0x0000000100000000)
  region size 1024K, 1 young (1024K), 1 survivors (1024K)
 Metaspace       used 121889K, capacity 125329K, committed 126740K, reserved 1159168K
  class space    used 15139K, capacity 16396K, committed 17048K, reserved 1048576K
}
Event: 4978.051 GC heap before
{Heap before GC invocations=159 (full 0):
 garbage-first heap   total 270336K, used 207873K [0x0000000080000000, 0x0000000100000000)
  region size 1024K, 81 young (82944K), 1 survivors (1024K)
 Metaspace       used 121891K, capacity 125329K, committed 126740K, reserved 1159168K
  class space    used 15139K, capacity 16396K, committed 17048K, reserved 1048576K
}
Event: 4978.063 GC heap after
{Heap after GC invocations=160 (full 0):
 garbage-first heap   total 270336K, used 130651K [0x0000000080000000, 0x0000000100000000)
  region size 1024K, 4 young (4096K), 4 survivors (4096K)
 Metaspace       used 121891K, capacity 125329K, committed 126740K, reserved 1159168K
  class space    used 15139K, capacity 16396K, committed 17048K, reserved 1048576K
}
Event: 4980.900 GC heap before
{Heap before GC invocations=161 (full 0):
 garbage-first heap   total 270336K, used 213595K [0x0000000080000000, 0x0000000100000000)
  region size 1024K, 85 young (87040K), 4 survivors (4096K)
 Metaspace       used 121891K, capacity 125329K, committed 126740K, reserved 1159168K
  class space    used 15139K, capacity 16396K, committed 17048K, reserved 1048576K
}
Event: 4980.904 GC heap after
{Heap after GC invocations=162 (full 0):
 garbage-first heap   total 270336K, used 130726K [0x0000000080000000, 0x0000000100000000)
  region size 1024K, 4 young (4096K), 4 survivors (4096K)
 Metaspace       used 121891K, capacity 125329K, committed 126740K, reserved 1159168K
  class space    used 15139K, capacity 16396K, committed 17048K, reserved 1048576K
}
Event: 4981.048 GC heap before
{Heap before GC invocations=162 (full 0):
 garbage-first heap   total 270336K, used 139942K [0x0000000080000000, 0x0000000100000000)
  region size 1024K, 13 young (13312K), 4 survivors (4096K)
 Metaspace       used 121891K, capacity 125329K, committed 126740K, reserved 1159168K
  class space    used 15139K, capacity 16396K, committed 17048K, reserved 1048576K
}
Event: 4981.055 GC heap after
{Heap after GC invocations=163 (full 0):
 garbage-first heap   total 270336K, used 129240K [0x0000000080000000, 0x0000000100000000)
  region size 1024K, 1 young (1024K), 1 survivors (1024K)
 Metaspace       used 121891K, capacity 125329K, committed 126740K, reserved 1159168K
  class space    used 15139K, capacity 16396K, committed 17048K, reserved 1048576K
}
Event: 4982.421 GC heap before
{Heap before GC invocations=163 (full 0):
 garbage-first heap   total 270336K, used 215256K [0x0000000080000000, 0x0000000100000000)
  region size 1024K, 85 young (87040K), 1 survivors (1024K)
 Metaspace       used 121891K, capacity 125329K, committed 126740K, reserved 1159168K
  class space    used 15139K, capacity 16396K, committed 17048K, reserved 1048576K
}
Event: 4982.423 GC heap after
{Heap after GC invocations=164 (full 0):
 garbage-first heap   total 270336K, used 129133K [0x0000000080000000, 0x0000000100000000)
  region size 1024K, 1 young (1024K), 1 survivors (1024K)
 Metaspace       used 121891K, capacity 125329K, committed 126740K, reserved 1159168K
  class space    used 15139K, capacity 16396K, committed 17048K, reserved 1048576K
}
Event: 4985.027 GC heap before
{Heap before GC invocations=165 (full 0):
 garbage-first heap   total 270336K, used 218221K [0x0000000080000000, 0x0000000100000000)
  region size 1024K, 88 young (90112K), 1 survivors (1024K)
 Metaspace       used 121924K, capacity 125347K, committed 126740K, reserved 1159168K
  class space    used 15142K, capacity 16402K, committed 17048K, reserved 1048576K
}
Event: 4985.030 GC heap after
{Heap after GC invocations=166 (full 0):
 garbage-first heap   total 270336K, used 129573K [0x0000000080000000, 0x0000000100000000)
  region size 1024K, 1 young (1024K), 1 survivors (1024K)
 Metaspace       used 121924K, capacity 125347K, committed 126740K, reserved 1159168K
  class space    used 15142K, capacity 16402K, committed 17048K, reserved 1048576K
}
Event: 4985.063 GC heap before
{Heap before GC invocations=166 (full 0):
 garbage-first heap   total 270336K, used 140837K [0x0000000080000000, 0x0000000100000000)
  region size 1024K, 13 young (13312K), 1 survivors (1024K)
 Metaspace       used 121924K, capacity 125347K, committed 126740K, reserved 1159168K
  class space    used 15142K, capacity 16402K, committed 17048K, reserved 1048576K
}
Event: 4985.066 GC heap after
{Heap after GC invocations=167 (full 0):
 garbage-first heap   total 270336K, used 129519K [0x0000000080000000, 0x0000000100000000)
  region size 1024K, 1 young (1024K), 1 survivors (1024K)
 Metaspace       used 121924K, capacity 125347K, committed 126740K, reserved 1159168K
  class space    used 15142K, capacity 16402K, committed 17048K, reserved 1048576K
}

