# JRE version: OpenJDK Runtime Environment (11.0.10) (build 11.0.10+0-b96-7249189)
# Java VM: OpenJDK 64-Bit Server VM (11.0.10+0-b96-7249189, mixed mode, tiered, compressed oops, g1 gc, windows-amd64)
Heap:
 garbage-first heap   total 305152K, used 251794K [0x0000000080000000, 0x0000000100000000)
  region size 1024K, 133 young (136192K), 15 survivors (15360K)
 Metaspace       used 110722K, capacity 113996K, committed 114176K, reserved 1148928K
  class space    used 13777K, capacity 15005K, committed 15104K, reserved 1048576K
GC Heap History (20 events):
Event: 173.857 GC heap after
{Heap after GC invocations=60 (full 0):
 garbage-first heap   total 305152K, used 158501K [0x0000000080000000, 0x0000000100000000)
  region size 1024K, 4 young (4096K), 4 survivors (4096K)
 Metaspace       used 109669K, capacity 112793K, committed 113024K, reserved 1146880K
  class space    used 13715K, capacity 14892K, committed 14976K, reserved 1048576K
}
Event: 174.536 GC heap before
{Heap before GC invocations=61 (full 0):
 garbage-first heap   total 305152K, used 230181K [0x0000000080000000, 0x0000000100000000)
  region size 1024K, 92 young (94208K), 4 survivors (4096K)
 Metaspace       used 109694K, capacity 112862K, committed 113024K, reserved 1146880K
  class space    used 13715K, capacity 14892K, committed 14976K, reserved 1048576K
}
Event: 174.543 GC heap after
{Heap after GC invocations=62 (full 0):
 garbage-first heap   total 305152K, used 143905K [0x0000000080000000, 0x0000000100000000)
  region size 1024K, 7 young (7168K), 7 survivors (7168K)
 Metaspace       used 109694K, capacity 112862K, committed 113024K, reserved 1146880K
  class space    used 13715K, capacity 14892K, committed 14976K, reserved 1048576K
}
Event: 174.562 GC heap before
{Heap before GC invocations=62 (full 0):
 garbage-first heap   total 305152K, used 150049K [0x0000000080000000, 0x0000000100000000)
  region size 1024K, 14 young (14336K), 7 survivors (7168K)
 Metaspace       used 109694K, capacity 112862K, committed 113024K, reserved 1146880K
  class space    used 13715K, capacity 14892K, committed 14976K, reserved 1048576K
}
Event: 174.573 GC heap after
{Heap after GC invocations=63 (full 0):
 garbage-first heap   total 305152K, used 118441K [0x0000000080000000, 0x0000000100000000)
  region size 1024K, 1 young (1024K), 1 survivors (1024K)
 Metaspace       used 109694K, capacity 112862K, committed 113024K, reserved 1146880K
  class space    used 13715K, capacity 14892K, committed 14976K, reserved 1048576K
}
Event: 408.535 GC heap before
{Heap before GC invocations=63 (full 0):
 garbage-first heap   total 305152K, used 228009K [0x0000000080000000, 0x0000000100000000)
  region size 1024K, 109 young (111616K), 1 survivors (1024K)
 Metaspace       used 110045K, capacity 113300K, committed 113536K, reserved 1148928K
  class space    used 13736K, capacity 14931K, committed 14976K, reserved 1048576K
}
Event: 408.559 GC heap after
{Heap after GC invocations=64 (full 0):
 garbage-first heap   total 305152K, used 125908K [0x0000000080000000, 0x0000000100000000)
  region size 1024K, 8 young (8192K), 8 survivors (8192K)
 Metaspace       used 110045K, capacity 113300K, committed 113536K, reserved 1148928K
  class space    used 13736K, capacity 14931K, committed 14976K, reserved 1048576K
}
Event: 409.568 GC heap before
{Heap before GC invocations=65 (full 0):
 garbage-first heap   total 305152K, used 234452K [0x0000000080000000, 0x0000000100000000)
  region size 1024K, 115 young (117760K), 8 survivors (8192K)
 Metaspace       used 110168K, capacity 113391K, committed 113536K, reserved 1148928K
  class space    used 13753K, capacity 14961K, committed 14976K, reserved 1048576K
}
Event: 409.579 GC heap after
{Heap after GC invocations=66 (full 0):
 garbage-first heap   total 305152K, used 130218K [0x0000000080000000, 0x0000000100000000)
  region size 1024K, 5 young (5120K), 5 survivors (5120K)
 Metaspace       used 110168K, capacity 113391K, committed 113536K, reserved 1148928K
  class space    used 13753K, capacity 14961K, committed 14976K, reserved 1048576K
}
Event: 409.677 GC heap before
{Heap before GC invocations=66 (full 0):
 garbage-first heap   total 305152K, used 138410K [0x0000000080000000, 0x0000000100000000)
  region size 1024K, 14 young (14336K), 5 survivors (5120K)
 Metaspace       used 110169K, capacity 113391K, committed 113536K, reserved 1148928K
  class space    used 13753K, capacity 14961K, committed 14976K, reserved 1048576K
}
Event: 409.689 GC heap after
{Heap after GC invocations=67 (full 0):
 garbage-first heap   total 305152K, used 127683K [0x0000000080000000, 0x0000000100000000)
  region size 1024K, 1 young (1024K), 1 survivors (1024K)
 Metaspace       used 110169K, capacity 113391K, committed 113536K, reserved 1148928K
  class space    used 13753K, capacity 14961K, committed 14976K, reserved 1048576K
}
Event: 418.300 GC heap before
{Heap before GC invocations=67 (full 0):
 garbage-first heap   total 305152K, used 237251K [0x0000000080000000, 0x0000000100000000)
  region size 1024K, 109 young (111616K), 1 survivors (1024K)
 Metaspace       used 110359K, capacity 113644K, committed 113920K, reserved 1148928K
  class space    used 13762K, capacity 14978K, committed 15104K, reserved 1048576K
}
Event: 418.306 GC heap after
{Heap after GC invocations=68 (full 0):
 garbage-first heap   total 305152K, used 129013K [0x0000000080000000, 0x0000000100000000)
  region size 1024K, 3 young (3072K), 3 survivors (3072K)
 Metaspace       used 110359K, capacity 113644K, committed 113920K, reserved 1148928K
  class space    used 13762K, capacity 14978K, committed 15104K, reserved 1048576K
}
Event: 418.835 GC heap before
{Heap before GC invocations=69 (full 0):
 garbage-first heap   total 305152K, used 240629K [0x0000000080000000, 0x0000000100000000)
  region size 1024K, 113 young (115712K), 3 survivors (3072K)
 Metaspace       used 110431K, capacity 113716K, committed 113920K, reserved 1148928K
  class space    used 13774K, capacity 15001K, committed 15104K, reserved 1048576K
}
Event: 418.842 GC heap after
{Heap after GC invocations=70 (full 0):
 garbage-first heap   total 305152K, used 131090K [0x0000000080000000, 0x0000000100000000)
  region size 1024K, 7 young (7168K), 7 survivors (7168K)
 Metaspace       used 110431K, capacity 113716K, committed 113920K, reserved 1148928K
  class space    used 13774K, capacity 15001K, committed 15104K, reserved 1048576K
}
Event: 418.850 GC heap before
{Heap before GC invocations=70 (full 0):
 garbage-first heap   total 305152K, used 138258K [0x0000000080000000, 0x0000000100000000)
  region size 1024K, 14 young (14336K), 7 survivors (7168K)
 Metaspace       used 110431K, capacity 113716K, committed 113920K, reserved 1148928K
  class space    used 13774K, capacity 15001K, committed 15104K, reserved 1048576K
}
Event: 418.860 GC heap after
{Heap after GC invocations=71 (full 0):
 garbage-first heap   total 305152K, used 121908K [0x0000000080000000, 0x0000000100000000)
  region size 1024K, 1 young (1024K), 1 survivors (1024K)
 Metaspace       used 110431K, capacity 113716K, committed 113920K, reserved 1148928K
  class space    used 13774K, capacity 15001K, committed 15104K, reserved 1048576K
}
Event: 419.259 GC heap before
{Heap before GC invocations=71 (full 0):
 garbage-first heap   total 305152K, used 166964K [0x0000000080000000, 0x0000000100000000)
  region size 1024K, 47 young (48128K), 1 survivors (1024K)
 Metaspace       used 110701K, capacity 113982K, committed 114176K, reserved 1148928K
  class space    used 13774K, capacity 15001K, committed 15104K, reserved 1048576K
}
Event: 419.263 GC heap after
{Heap after GC invocations=72 (full 0):
 garbage-first heap   total 305152K, used 121746K [0x0000000080000000, 0x0000000100000000)
  region size 1024K, 1 young (1024K), 1 survivors (1024K)
 Metaspace       used 110701K, capacity 113982K, committed 114176K, reserved 1148928K
  class space    used 13774K, capacity 15001K, committed 15104K, reserved 1048576K
}
Event: 420.070 GC heap before
{Heap before GC invocations=73 (full 0):
 garbage-first heap   total 305152K, used 250770K [0x0000000080000000, 0x0000000100000000)
  region size 1024K, 119 young (121856K), 1 survivors (1024K)
 Metaspace       used 110722K, capacity 113996K, committed 114176K, reserved 1148928K
  class space    used 13777K, capacity 15005K, committed 15104K, reserved 1048576K
}

